Change Component Designator: Old Designator=A? New Designator=A1
Change Component Designator: Old Designator=Buzzer? New Designator=Buzzer1
Change Component Designator: Old Designator=C? New Designator=C1
Change Component Designator: Old Designator=C? New Designator=C2
Change Component Designator: Old Designator=C? New Designator=C3
Change Component Designator: Old Designator=C? New Designator=C4
Change Component Designator: Old Designator=D? New Designator=D1
Change Component Designator: Old Designator=FimCurso? New Designator=FimCurso1
Change Component Designator: Old Designator=I? New Designator=I1
Change Component Designator: Old Designator=ICSP? New Designator=ICSP1
Change Component Designator: Old Designator=Motor? New Designator=Motor1
Change Component Designator: Old Designator=OLED? New Designator=OLED1
Change Component Designator: Old Designator=Power? New Designator=Power1
Change Component Designator: Old Designator=Q? New Designator=Q1
Change Component Designator: Old Designator=R? New Designator=R1
Change Component Designator: Old Designator=R? New Designator=R2
Change Component Designator: Old Designator=R? New Designator=R3
Change Component Designator: Old Designator=R? New Designator=R4
Change Component Designator: Old Designator=R? New Designator=R5
Change Component Designator: Old Designator=SW? New Designator=SW1
Change Component Designator: Old Designator=U? New Designator=U1
Change Component Designator: Old Designator=U? New Designator=U2
Change Component Designator: Old Designator=Y? New Designator=Y1
