Change Component Designator: Old Designator=A4988 New Designator=A?
Change Component Designator: Old Designator=Buzzer New Designator=Buzzer?
Change Component Designator: Old Designator=C1 New Designator=C?
Change Component Designator: Old Designator=C2 New Designator=C?
Change Component Designator: Old Designator=C3 New Designator=C?
Change Component Designator: Old Designator=D2 New Designator=D?
Change Component Designator: Old Designator=FimCurso New Designator=FimCurso?
Change Component Designator: Old Designator=I2C New Designator=I?
Change Component Designator: Old Designator=ICSP New Designator=ICSP?
Change Component Designator: Old Designator=Motor New Designator=Motor?
Change Component Designator: Old Designator=OLED New Designator=OLED?
Change Component Designator: Old Designator=Power New Designator=Power?
Change Component Designator: Old Designator=Q1 New Designator=Q?
Change Component Designator: Old Designator=R1 New Designator=R?
Change Component Designator: Old Designator=R2 New Designator=R?
Change Component Designator: Old Designator=R3 New Designator=R?
Change Component Designator: Old Designator=R4 New Designator=R?
Change Component Designator: Old Designator=R5 New Designator=R?
Change Component Designator: Old Designator=SW New Designator=SW?
Change Component Designator: Old Designator=U1 New Designator=U?
Change Component Designator: Old Designator=U1 New Designator=U?
Change Component Designator: Old Designator=Y1 New Designator=Y?
