Removed Pin From Net: NetName=NetC1_1 Pin=C1-1
Removed Pin From Net: NetName=GND Pin=C1-2
Removed Pin From Net: NetName=NetC2_1 Pin=C2-1
Removed Pin From Net: NetName=GND Pin=C2-2
Removed Pin From Net: NetName=NetC1_1 Pin=U1-7
Removed Pin From Net: NetName=NetC2_1 Pin=U1-8
Removed Pin From Net: NetName=NetC1_1 Pin=Y1-1
Removed Pin From Net: NetName=NetC2_1 Pin=Y1-2
Removed Member From Class: ClassName=PunkController-Schematics Member=C1
Removed Member From Class: ClassName=PunkController-Schematics Member=C2
Removed Member From Class: ClassName=PunkController-Schematics Member=Y1
Change Component Designator: OldDesignator=P? NewDesignator=P1
Change Component Designator: OldDesignator=P? NewDesignator=P2
Added Component: Designator=*(Crystal-SMD)
Add component. Clean all parameters for all variants
Added Pin To Net: NetName=NetC1_1 Pin=*-1
Added Pin To Net: NetName=GND Pin=*-2
Added Pin To Net: NetName=NetC2_1 Pin=*-3
Added Pin To Net: NetName=NetC2_1 Pin=U1-7
Added Pin To Net: NetName=NetC1_1 Pin=U1-8
Change Net Name : Old Net Name=NetC1_1 New Net Name=Net*_1
Change Net Name : Old Net Name=NetC2_1 New Net Name=Net*_3
Change Net Name : Old Net Name=NetP?_1 New Net Name=NetP1_1
Change Net Name : Old Net Name=NetP?_4 New Net Name=NetP1_4
Added Member To Class: ClassName=PunkController-Schematics Member=Component * Crystal-SMD
Added Member To Class: ClassName=PunkController-Schematics Member=Component P1 Curso
Added Room: Name=PunkController-Schematics
